2020.10.16 21:30:05 INFO  started: Metals version 0.9.4 in workspace '/home/xiaogouguohe/vta_pyhcl' for client vscode.
2020.10.16 21:30:07 INFO  time: initialize in 1.96s
2020.10.16 21:30:08 WARN  no build tool detected in workspace '/home/xiaogouguohe/vta_pyhcl'. The most common cause for this problem is that the editor was opened in the wrong working directory, for example if you use sbt then the workspace directory should contain build.sbt. 
2020.10.16 21:30:41 INFO  no build target: using presentation compiler with only scala-library
2020.10.16 21:30:41 WARN  no build target for: /home/xiaogouguohe/incubator-tvm-vta/hardware/chisel/src/main/scala/core/Decode.scala
2020.10.17 10:36:08 INFO  started: Metals version 0.9.4 in workspace '/home/xiaogouguohe/vta_pyhcl' for client vscode.
2020.10.17 10:36:10 INFO  time: initialize in 2.08s
2020.10.17 10:36:10 WARN  no build tool detected in workspace '/home/xiaogouguohe/vta_pyhcl'. The most common cause for this problem is that the editor was opened in the wrong working directory, for example if you use sbt then the workspace directory should contain build.sbt. 
2020.10.17 10:36:14 INFO  no build target: using presentation compiler with only scala-library
2020.10.17 10:36:14 WARN  no build target for: /home/xiaogouguohe/incubator-tvm-vta/hardware/chisel/src/main/scala/core/Compute.scala
2020.10.17 10:43:52 WARN  no build target for: /home/xiaogouguohe/incubator-tvm-vta/hardware/chisel/src/main/scala/shell/Configs.scala
2020.10.17 10:45:42 WARN  no build target for: /home/xiaogouguohe/incubator-tvm-vta/hardware/chisel/src/main/scala/core/Decode.scala
2020.10.17 10:54:51 WARN  no build target for: /home/xiaogouguohe/incubator-tvm-vta/hardware/chisel/src/main/scala/core/TensorLoad.scala
2020.10.17 11:03:07 WARN  no build tool detected in workspace '/home/xiaogouguohe/vta_pyhcl'. The most common cause for this problem is that the editor was opened in the wrong working directory, for example if you use sbt then the workspace directory should contain build.sbt. 
2020.10.17 11:03:07 WARN  no build tool detected in workspace '/home/xiaogouguohe/vta_pyhcl'. The most common cause for this problem is that the editor was opened in the wrong working directory, for example if you use sbt then the workspace directory should contain build.sbt. 
2020.10.17 11:03:08 WARN  no build tool detected in workspace '/home/xiaogouguohe/vta_pyhcl'. The most common cause for this problem is that the editor was opened in the wrong working directory, for example if you use sbt then the workspace directory should contain build.sbt. 
2020.10.17 11:03:13 WARN  no build tool detected in workspace '/home/xiaogouguohe/vta_pyhcl'. The most common cause for this problem is that the editor was opened in the wrong working directory, for example if you use sbt then the workspace directory should contain build.sbt. 
2020.10.17 11:03:13 WARN  no build tool detected in workspace '/home/xiaogouguohe/vta_pyhcl'. The most common cause for this problem is that the editor was opened in the wrong working directory, for example if you use sbt then the workspace directory should contain build.sbt. 
2020.10.17 11:03:13 WARN  no build tool detected in workspace '/home/xiaogouguohe/vta_pyhcl'. The most common cause for this problem is that the editor was opened in the wrong working directory, for example if you use sbt then the workspace directory should contain build.sbt. 
2020.10.17 11:03:13 WARN  no build tool detected in workspace '/home/xiaogouguohe/vta_pyhcl'. The most common cause for this problem is that the editor was opened in the wrong working directory, for example if you use sbt then the workspace directory should contain build.sbt. 
2020.10.17 11:03:31 WARN  no build tool detected in workspace '/home/xiaogouguohe/vta_pyhcl'. The most common cause for this problem is that the editor was opened in the wrong working directory, for example if you use sbt then the workspace directory should contain build.sbt. 
2020.10.17 11:03:31 WARN  no build tool detected in workspace '/home/xiaogouguohe/vta_pyhcl'. The most common cause for this problem is that the editor was opened in the wrong working directory, for example if you use sbt then the workspace directory should contain build.sbt. 
2020.10.17 11:03:31 WARN  no build tool detected in workspace '/home/xiaogouguohe/vta_pyhcl'. The most common cause for this problem is that the editor was opened in the wrong working directory, for example if you use sbt then the workspace directory should contain build.sbt. 
2020.10.17 11:03:31 WARN  no build tool detected in workspace '/home/xiaogouguohe/vta_pyhcl'. The most common cause for this problem is that the editor was opened in the wrong working directory, for example if you use sbt then the workspace directory should contain build.sbt. 
2020.10.17 11:03:31 WARN  no build tool detected in workspace '/home/xiaogouguohe/vta_pyhcl'. The most common cause for this problem is that the editor was opened in the wrong working directory, for example if you use sbt then the workspace directory should contain build.sbt. 
2020.10.17 11:03:32 WARN  no build tool detected in workspace '/home/xiaogouguohe/vta_pyhcl'. The most common cause for this problem is that the editor was opened in the wrong working directory, for example if you use sbt then the workspace directory should contain build.sbt. 
2020.10.17 11:03:33 WARN  no build tool detected in workspace '/home/xiaogouguohe/vta_pyhcl'. The most common cause for this problem is that the editor was opened in the wrong working directory, for example if you use sbt then the workspace directory should contain build.sbt. 
2020.10.17 11:03:46 WARN  no build tool detected in workspace '/home/xiaogouguohe/vta_pyhcl'. The most common cause for this problem is that the editor was opened in the wrong working directory, for example if you use sbt then the workspace directory should contain build.sbt. 
2020.10.17 11:03:46 WARN  no build tool detected in workspace '/home/xiaogouguohe/vta_pyhcl'. The most common cause for this problem is that the editor was opened in the wrong working directory, for example if you use sbt then the workspace directory should contain build.sbt. 
2020.10.17 11:06:39 WARN  no build tool detected in workspace '/home/xiaogouguohe/vta_pyhcl'. The most common cause for this problem is that the editor was opened in the wrong working directory, for example if you use sbt then the workspace directory should contain build.sbt. 
2020.10.17 11:17:30 WARN  no build tool detected in workspace '/home/xiaogouguohe/vta_pyhcl'. The most common cause for this problem is that the editor was opened in the wrong working directory, for example if you use sbt then the workspace directory should contain build.sbt. 
2020.10.17 11:17:30 WARN  no build tool detected in workspace '/home/xiaogouguohe/vta_pyhcl'. The most common cause for this problem is that the editor was opened in the wrong working directory, for example if you use sbt then the workspace directory should contain build.sbt. 
2020.10.17 11:17:30 WARN  no build tool detected in workspace '/home/xiaogouguohe/vta_pyhcl'. The most common cause for this problem is that the editor was opened in the wrong working directory, for example if you use sbt then the workspace directory should contain build.sbt. 
2020.10.17 11:17:40 WARN  no build tool detected in workspace '/home/xiaogouguohe/vta_pyhcl'. The most common cause for this problem is that the editor was opened in the wrong working directory, for example if you use sbt then the workspace directory should contain build.sbt. 
2020.10.17 11:17:40 WARN  no build tool detected in workspace '/home/xiaogouguohe/vta_pyhcl'. The most common cause for this problem is that the editor was opened in the wrong working directory, for example if you use sbt then the workspace directory should contain build.sbt. 
2020.10.17 11:17:40 WARN  no build tool detected in workspace '/home/xiaogouguohe/vta_pyhcl'. The most common cause for this problem is that the editor was opened in the wrong working directory, for example if you use sbt then the workspace directory should contain build.sbt. 
2020.10.17 11:17:41 WARN  no build tool detected in workspace '/home/xiaogouguohe/vta_pyhcl'. The most common cause for this problem is that the editor was opened in the wrong working directory, for example if you use sbt then the workspace directory should contain build.sbt. 
2020.10.17 11:17:41 WARN  no build tool detected in workspace '/home/xiaogouguohe/vta_pyhcl'. The most common cause for this problem is that the editor was opened in the wrong working directory, for example if you use sbt then the workspace directory should contain build.sbt. 
2020.10.17 11:17:41 WARN  no build tool detected in workspace '/home/xiaogouguohe/vta_pyhcl'. The most common cause for this problem is that the editor was opened in the wrong working directory, for example if you use sbt then the workspace directory should contain build.sbt. 
2020.10.17 11:17:43 WARN  no build tool detected in workspace '/home/xiaogouguohe/vta_pyhcl'. The most common cause for this problem is that the editor was opened in the wrong working directory, for example if you use sbt then the workspace directory should contain build.sbt. 
2020.10.17 11:18:05 WARN  no build tool detected in workspace '/home/xiaogouguohe/vta_pyhcl'. The most common cause for this problem is that the editor was opened in the wrong working directory, for example if you use sbt then the workspace directory should contain build.sbt. 
2020.10.17 11:18:05 WARN  no build tool detected in workspace '/home/xiaogouguohe/vta_pyhcl'. The most common cause for this problem is that the editor was opened in the wrong working directory, for example if you use sbt then the workspace directory should contain build.sbt. 
2020.10.17 11:18:05 WARN  no build tool detected in workspace '/home/xiaogouguohe/vta_pyhcl'. The most common cause for this problem is that the editor was opened in the wrong working directory, for example if you use sbt then the workspace directory should contain build.sbt. 
2020.10.17 11:18:06 WARN  no build tool detected in workspace '/home/xiaogouguohe/vta_pyhcl'. The most common cause for this problem is that the editor was opened in the wrong working directory, for example if you use sbt then the workspace directory should contain build.sbt. 
2020.10.17 11:18:08 WARN  no build tool detected in workspace '/home/xiaogouguohe/vta_pyhcl'. The most common cause for this problem is that the editor was opened in the wrong working directory, for example if you use sbt then the workspace directory should contain build.sbt. 
2020.10.17 11:21:24 WARN  no build target for: /home/xiaogouguohe/incubator-tvm-vta/hardware/chisel/src/main/scala/shell/VCR.scala
2020.10.17 11:24:19 WARN  no build target for: /home/xiaogouguohe/incubator-tvm-vta/hardware/chisel/src/main/scala/interface/axi/AXI.scala
2020.10.17 11:25:25 WARN  no build target for: /home/xiaogouguohe/incubator-tvm-vta/hardware/chisel/src/main/scala/util/GenericParameterizedBundle.scala
2020.10.17 11:25:44 WARN  no build target for: /home/xiaogouguohe/incubator-tvm-vta/hardware/chisel/src/main/scala/interface/axi/AXI.scala
2020.10.17 11:27:14 WARN  no build tool detected in workspace '/home/xiaogouguohe/vta_pyhcl'. The most common cause for this problem is that the editor was opened in the wrong working directory, for example if you use sbt then the workspace directory should contain build.sbt. 
2020.10.17 11:27:15 WARN  no build tool detected in workspace '/home/xiaogouguohe/vta_pyhcl'. The most common cause for this problem is that the editor was opened in the wrong working directory, for example if you use sbt then the workspace directory should contain build.sbt. 
2020.10.17 11:35:19 WARN  no build target for: /home/xiaogouguohe/incubator-tvm-vta/hardware/chisel/src/main/scala/util/Config.scala
2020.10.17 11:37:09 WARN  no build target for: /home/xiaogouguohe/incubator-tvm-vta/hardware/chisel/src/main/scala/dpi/VTAHostDPI.scala
2020.10.17 11:37:29 WARN  no build target for: /home/xiaogouguohe/incubator-tvm-vta/hardware/chisel/src/main/scala/dpi/VTAMemDPI.scala
2020.10.17 11:37:32 WARN  no build target for: /home/xiaogouguohe/incubator-tvm-vta/hardware/chisel/src/main/scala/dpi/VTASimDPI.scala
2020.10.17 11:38:14 WARN  no build target for: /home/xiaogouguohe/incubator-tvm-vta/hardware/chisel/src/main/scala/shell/Configs.scala
2020.10.17 11:38:27 WARN  no build tool detected in workspace '/home/xiaogouguohe/vta_pyhcl'. The most common cause for this problem is that the editor was opened in the wrong working directory, for example if you use sbt then the workspace directory should contain build.sbt. 
2020.10.17 11:38:28 WARN  no build tool detected in workspace '/home/xiaogouguohe/vta_pyhcl'. The most common cause for this problem is that the editor was opened in the wrong working directory, for example if you use sbt then the workspace directory should contain build.sbt. 
2020.10.17 11:38:28 WARN  no build tool detected in workspace '/home/xiaogouguohe/vta_pyhcl'. The most common cause for this problem is that the editor was opened in the wrong working directory, for example if you use sbt then the workspace directory should contain build.sbt. 
2020.10.17 11:38:28 WARN  no build tool detected in workspace '/home/xiaogouguohe/vta_pyhcl'. The most common cause for this problem is that the editor was opened in the wrong working directory, for example if you use sbt then the workspace directory should contain build.sbt. 
2020.10.17 11:38:31 WARN  no build tool detected in workspace '/home/xiaogouguohe/vta_pyhcl'. The most common cause for this problem is that the editor was opened in the wrong working directory, for example if you use sbt then the workspace directory should contain build.sbt. 
2020.10.17 11:38:31 WARN  no build tool detected in workspace '/home/xiaogouguohe/vta_pyhcl'. The most common cause for this problem is that the editor was opened in the wrong working directory, for example if you use sbt then the workspace directory should contain build.sbt. 
2020.10.17 11:38:31 WARN  no build tool detected in workspace '/home/xiaogouguohe/vta_pyhcl'. The most common cause for this problem is that the editor was opened in the wrong working directory, for example if you use sbt then the workspace directory should contain build.sbt. 
something's wrong: no file:///home/xiaogouguohe/incubator-tvm-vta/hardware/chisel/src/main/scala/util/Config.scala in Option[T]RangePosition(file:///home/xiaogouguohe/incubator-tvm-vta/hardware/chisel/src/main/scala/util/Config.scala, 937, 937, 946)
2020.10.17 11:39:17 WARN  no build tool detected in workspace '/home/xiaogouguohe/vta_pyhcl'. The most common cause for this problem is that the editor was opened in the wrong working directory, for example if you use sbt then the workspace directory should contain build.sbt. 
2020.10.17 11:39:17 WARN  no build tool detected in workspace '/home/xiaogouguohe/vta_pyhcl'. The most common cause for this problem is that the editor was opened in the wrong working directory, for example if you use sbt then the workspace directory should contain build.sbt. 
2020.10.17 11:40:26 WARN  no build target for: /home/xiaogouguohe/incubator-tvm-vta/hardware/chisel/src/main/scala/interface/axi/AXI.scala
2020.10.17 11:44:48 WARN  no build tool detected in workspace '/home/xiaogouguohe/vta_pyhcl'. The most common cause for this problem is that the editor was opened in the wrong working directory, for example if you use sbt then the workspace directory should contain build.sbt. 
2020.10.17 11:44:48 WARN  no build tool detected in workspace '/home/xiaogouguohe/vta_pyhcl'. The most common cause for this problem is that the editor was opened in the wrong working directory, for example if you use sbt then the workspace directory should contain build.sbt. 
2020.10.17 11:44:48 WARN  no build tool detected in workspace '/home/xiaogouguohe/vta_pyhcl'. The most common cause for this problem is that the editor was opened in the wrong working directory, for example if you use sbt then the workspace directory should contain build.sbt. 
2020.10.17 11:47:19 WARN  no build target for: /home/xiaogouguohe/incubator-tvm-vta/hardware/chisel/src/main/scala/util/GenericParameterizedBundle.scala
2020.10.17 11:48:16 WARN  no build tool detected in workspace '/home/xiaogouguohe/vta_pyhcl'. The most common cause for this problem is that the editor was opened in the wrong working directory, for example if you use sbt then the workspace directory should contain build.sbt. 
2020.10.17 11:48:17 WARN  no build tool detected in workspace '/home/xiaogouguohe/vta_pyhcl'. The most common cause for this problem is that the editor was opened in the wrong working directory, for example if you use sbt then the workspace directory should contain build.sbt. 
2020.10.17 11:48:19 WARN  no build tool detected in workspace '/home/xiaogouguohe/vta_pyhcl'. The most common cause for this problem is that the editor was opened in the wrong working directory, for example if you use sbt then the workspace directory should contain build.sbt. 
2020.10.17 11:48:19 WARN  no build tool detected in workspace '/home/xiaogouguohe/vta_pyhcl'. The most common cause for this problem is that the editor was opened in the wrong working directory, for example if you use sbt then the workspace directory should contain build.sbt. 
2020.10.17 11:48:19 WARN  no build tool detected in workspace '/home/xiaogouguohe/vta_pyhcl'. The most common cause for this problem is that the editor was opened in the wrong working directory, for example if you use sbt then the workspace directory should contain build.sbt. 
2020.10.17 11:48:20 WARN  no build tool detected in workspace '/home/xiaogouguohe/vta_pyhcl'. The most common cause for this problem is that the editor was opened in the wrong working directory, for example if you use sbt then the workspace directory should contain build.sbt. 
2020.10.17 11:48:21 WARN  no build tool detected in workspace '/home/xiaogouguohe/vta_pyhcl'. The most common cause for this problem is that the editor was opened in the wrong working directory, for example if you use sbt then the workspace directory should contain build.sbt. 
2020.10.17 11:48:21 WARN  no build tool detected in workspace '/home/xiaogouguohe/vta_pyhcl'. The most common cause for this problem is that the editor was opened in the wrong working directory, for example if you use sbt then the workspace directory should contain build.sbt. 
2020.10.17 11:48:21 WARN  no build tool detected in workspace '/home/xiaogouguohe/vta_pyhcl'. The most common cause for this problem is that the editor was opened in the wrong working directory, for example if you use sbt then the workspace directory should contain build.sbt. 
2020.10.17 11:59:52 WARN  no build tool detected in workspace '/home/xiaogouguohe/vta_pyhcl'. The most common cause for this problem is that the editor was opened in the wrong working directory, for example if you use sbt then the workspace directory should contain build.sbt. 
2020.10.17 12:43:15 WARN  no build target for: /home/xiaogouguohe/incubator-tvm-vta/hardware/chisel/src/main/scala/util/Config.scala
2020.10.17 12:50:26 WARN  no build tool detected in workspace '/home/xiaogouguohe/vta_pyhcl'. The most common cause for this problem is that the editor was opened in the wrong working directory, for example if you use sbt then the workspace directory should contain build.sbt. 
2020.10.17 12:55:45 WARN  no build target for: /home/xiaogouguohe/incubator-tvm-vta/hardware/chisel/src/main/scala/core/Fetch.scala
2020.10.17 13:01:08 WARN  no build target for: /home/xiaogouguohe/incubator-tvm-vta/hardware/chisel/src/main/scala/core/TensorLoad.scala
2020.10.17 13:03:57 WARN  no build target for: /home/xiaogouguohe/incubator-tvm-vta/hardware/chisel/src/main/scala/core/Decode.scala
2020.10.17 13:04:06 WARN  no build tool detected in workspace '/home/xiaogouguohe/vta_pyhcl'. The most common cause for this problem is that the editor was opened in the wrong working directory, for example if you use sbt then the workspace directory should contain build.sbt. 
2020.10.17 13:04:06 WARN  no build tool detected in workspace '/home/xiaogouguohe/vta_pyhcl'. The most common cause for this problem is that the editor was opened in the wrong working directory, for example if you use sbt then the workspace directory should contain build.sbt. 
2020.10.17 13:04:07 WARN  no build tool detected in workspace '/home/xiaogouguohe/vta_pyhcl'. The most common cause for this problem is that the editor was opened in the wrong working directory, for example if you use sbt then the workspace directory should contain build.sbt. 
2020.10.17 13:04:07 WARN  no build tool detected in workspace '/home/xiaogouguohe/vta_pyhcl'. The most common cause for this problem is that the editor was opened in the wrong working directory, for example if you use sbt then the workspace directory should contain build.sbt. 
2020.10.17 13:04:07 WARN  no build tool detected in workspace '/home/xiaogouguohe/vta_pyhcl'. The most common cause for this problem is that the editor was opened in the wrong working directory, for example if you use sbt then the workspace directory should contain build.sbt. 
2020.10.17 13:04:12 WARN  no build tool detected in workspace '/home/xiaogouguohe/vta_pyhcl'. The most common cause for this problem is that the editor was opened in the wrong working directory, for example if you use sbt then the workspace directory should contain build.sbt. 
2020.10.17 13:04:12 WARN  no build tool detected in workspace '/home/xiaogouguohe/vta_pyhcl'. The most common cause for this problem is that the editor was opened in the wrong working directory, for example if you use sbt then the workspace directory should contain build.sbt. 
2020.10.17 13:04:12 WARN  no build tool detected in workspace '/home/xiaogouguohe/vta_pyhcl'. The most common cause for this problem is that the editor was opened in the wrong working directory, for example if you use sbt then the workspace directory should contain build.sbt. 
2020.10.17 13:24:37 WARN  no build tool detected in workspace '/home/xiaogouguohe/vta_pyhcl'. The most common cause for this problem is that the editor was opened in the wrong working directory, for example if you use sbt then the workspace directory should contain build.sbt. 
2020.10.17 13:26:26 WARN  no build tool detected in workspace '/home/xiaogouguohe/vta_pyhcl'. The most common cause for this problem is that the editor was opened in the wrong working directory, for example if you use sbt then the workspace directory should contain build.sbt. 
2020.10.17 13:30:59 WARN  no build tool detected in workspace '/home/xiaogouguohe/vta_pyhcl'. The most common cause for this problem is that the editor was opened in the wrong working directory, for example if you use sbt then the workspace directory should contain build.sbt. 
2020.10.17 13:31:16 WARN  no build tool detected in workspace '/home/xiaogouguohe/vta_pyhcl'. The most common cause for this problem is that the editor was opened in the wrong working directory, for example if you use sbt then the workspace directory should contain build.sbt. 
2020.10.17 13:31:16 WARN  no build tool detected in workspace '/home/xiaogouguohe/vta_pyhcl'. The most common cause for this problem is that the editor was opened in the wrong working directory, for example if you use sbt then the workspace directory should contain build.sbt. 
2020.10.17 13:31:16 WARN  no build tool detected in workspace '/home/xiaogouguohe/vta_pyhcl'. The most common cause for this problem is that the editor was opened in the wrong working directory, for example if you use sbt then the workspace directory should contain build.sbt. 
2020.10.17 13:36:37 WARN  no build tool detected in workspace '/home/xiaogouguohe/vta_pyhcl'. The most common cause for this problem is that the editor was opened in the wrong working directory, for example if you use sbt then the workspace directory should contain build.sbt. 
2020.10.17 18:15:20 WARN  no build tool detected in workspace '/home/xiaogouguohe/vta_pyhcl'. The most common cause for this problem is that the editor was opened in the wrong working directory, for example if you use sbt then the workspace directory should contain build.sbt. 
2020.10.17 18:15:22 WARN  no build tool detected in workspace '/home/xiaogouguohe/vta_pyhcl'. The most common cause for this problem is that the editor was opened in the wrong working directory, for example if you use sbt then the workspace directory should contain build.sbt. 
2020.10.17 18:15:57 WARN  no build tool detected in workspace '/home/xiaogouguohe/vta_pyhcl'. The most common cause for this problem is that the editor was opened in the wrong working directory, for example if you use sbt then the workspace directory should contain build.sbt. 
2020.10.17 18:31:06 WARN  no build tool detected in workspace '/home/xiaogouguohe/vta_pyhcl'. The most common cause for this problem is that the editor was opened in the wrong working directory, for example if you use sbt then the workspace directory should contain build.sbt. 
2020.10.17 18:31:06 WARN  no build tool detected in workspace '/home/xiaogouguohe/vta_pyhcl'. The most common cause for this problem is that the editor was opened in the wrong working directory, for example if you use sbt then the workspace directory should contain build.sbt. 
2020.10.17 18:31:07 WARN  no build tool detected in workspace '/home/xiaogouguohe/vta_pyhcl'. The most common cause for this problem is that the editor was opened in the wrong working directory, for example if you use sbt then the workspace directory should contain build.sbt. 
2020.10.17 18:33:32 WARN  no build tool detected in workspace '/home/xiaogouguohe/vta_pyhcl'. The most common cause for this problem is that the editor was opened in the wrong working directory, for example if you use sbt then the workspace directory should contain build.sbt. 
2020.10.17 18:33:32 WARN  no build tool detected in workspace '/home/xiaogouguohe/vta_pyhcl'. The most common cause for this problem is that the editor was opened in the wrong working directory, for example if you use sbt then the workspace directory should contain build.sbt. 
2020.10.17 18:33:32 WARN  no build tool detected in workspace '/home/xiaogouguohe/vta_pyhcl'. The most common cause for this problem is that the editor was opened in the wrong working directory, for example if you use sbt then the workspace directory should contain build.sbt. 
2020.10.17 19:21:35 WARN  no build tool detected in workspace '/home/xiaogouguohe/vta_pyhcl'. The most common cause for this problem is that the editor was opened in the wrong working directory, for example if you use sbt then the workspace directory should contain build.sbt. 
2020.10.17 19:23:30 WARN  no build tool detected in workspace '/home/xiaogouguohe/vta_pyhcl'. The most common cause for this problem is that the editor was opened in the wrong working directory, for example if you use sbt then the workspace directory should contain build.sbt. 
2020.10.17 19:36:19 WARN  no build tool detected in workspace '/home/xiaogouguohe/vta_pyhcl'. The most common cause for this problem is that the editor was opened in the wrong working directory, for example if you use sbt then the workspace directory should contain build.sbt. 
2020.10.17 19:36:20 WARN  no build tool detected in workspace '/home/xiaogouguohe/vta_pyhcl'. The most common cause for this problem is that the editor was opened in the wrong working directory, for example if you use sbt then the workspace directory should contain build.sbt. 
2020.10.17 19:36:21 WARN  no build tool detected in workspace '/home/xiaogouguohe/vta_pyhcl'. The most common cause for this problem is that the editor was opened in the wrong working directory, for example if you use sbt then the workspace directory should contain build.sbt. 
2020.10.17 19:36:21 WARN  no build tool detected in workspace '/home/xiaogouguohe/vta_pyhcl'. The most common cause for this problem is that the editor was opened in the wrong working directory, for example if you use sbt then the workspace directory should contain build.sbt. 
2020.10.17 19:49:17 WARN  no build tool detected in workspace '/home/xiaogouguohe/vta_pyhcl'. The most common cause for this problem is that the editor was opened in the wrong working directory, for example if you use sbt then the workspace directory should contain build.sbt. 
2020.10.17 19:51:37 WARN  no build tool detected in workspace '/home/xiaogouguohe/vta_pyhcl'. The most common cause for this problem is that the editor was opened in the wrong working directory, for example if you use sbt then the workspace directory should contain build.sbt. 
2020.10.17 19:51:37 WARN  no build tool detected in workspace '/home/xiaogouguohe/vta_pyhcl'. The most common cause for this problem is that the editor was opened in the wrong working directory, for example if you use sbt then the workspace directory should contain build.sbt. 
2020.10.17 20:01:47 WARN  no build target for: /home/xiaogouguohe/incubator-tvm-vta/hardware/chisel/src/main/scala/dpi/VTAHostDPI.scala
2020.10.17 20:02:34 WARN  no build target for: /home/xiaogouguohe/incubator-tvm-vta/hardware/chisel/src/main/scala/shell/VCR.scala
2020.10.17 20:15:31 WARN  no build tool detected in workspace '/home/xiaogouguohe/vta_pyhcl'. The most common cause for this problem is that the editor was opened in the wrong working directory, for example if you use sbt then the workspace directory should contain build.sbt. 
2020.10.17 20:15:31 WARN  no build tool detected in workspace '/home/xiaogouguohe/vta_pyhcl'. The most common cause for this problem is that the editor was opened in the wrong working directory, for example if you use sbt then the workspace directory should contain build.sbt. 
2020.10.17 20:15:31 WARN  no build tool detected in workspace '/home/xiaogouguohe/vta_pyhcl'. The most common cause for this problem is that the editor was opened in the wrong working directory, for example if you use sbt then the workspace directory should contain build.sbt. 
2020.10.17 20:15:32 WARN  no build tool detected in workspace '/home/xiaogouguohe/vta_pyhcl'. The most common cause for this problem is that the editor was opened in the wrong working directory, for example if you use sbt then the workspace directory should contain build.sbt. 
2020.10.17 20:15:32 WARN  no build tool detected in workspace '/home/xiaogouguohe/vta_pyhcl'. The most common cause for this problem is that the editor was opened in the wrong working directory, for example if you use sbt then the workspace directory should contain build.sbt. 
2020.10.17 20:15:33 WARN  no build tool detected in workspace '/home/xiaogouguohe/vta_pyhcl'. The most common cause for this problem is that the editor was opened in the wrong working directory, for example if you use sbt then the workspace directory should contain build.sbt. 
2020.10.17 20:16:08 WARN  no build target for: /home/xiaogouguohe/incubator-tvm-vta/hardware/chisel/src/main/scala/shell/VCR.scala
2020.10.17 20:16:11 WARN  no build target for: /home/xiaogouguohe/incubator-tvm-vta/hardware/chisel/src/main/scala/util/Config.scala
2020.10.17 20:24:09 WARN  no build target for: /home/xiaogouguohe/incubator-tvm-vta/hardware/chisel/src/main/scala/interface/axi/AXI.scala
2020.10.17 20:29:02 WARN  no build tool detected in workspace '/home/xiaogouguohe/vta_pyhcl'. The most common cause for this problem is that the editor was opened in the wrong working directory, for example if you use sbt then the workspace directory should contain build.sbt. 
2020.10.17 20:29:02 WARN  no build tool detected in workspace '/home/xiaogouguohe/vta_pyhcl'. The most common cause for this problem is that the editor was opened in the wrong working directory, for example if you use sbt then the workspace directory should contain build.sbt. 
2020.10.17 20:29:04 WARN  no build tool detected in workspace '/home/xiaogouguohe/vta_pyhcl'. The most common cause for this problem is that the editor was opened in the wrong working directory, for example if you use sbt then the workspace directory should contain build.sbt. 
something's wrong: no file:///home/xiaogouguohe/incubator-tvm-vta/hardware/chisel/src/main/scala/util/Config.scala in Option[T]RangePosition(file:///home/xiaogouguohe/incubator-tvm-vta/hardware/chisel/src/main/scala/util/Config.scala, 937, 937, 946)
2020.10.17 20:29:32 WARN  no build tool detected in workspace '/home/xiaogouguohe/vta_pyhcl'. The most common cause for this problem is that the editor was opened in the wrong working directory, for example if you use sbt then the workspace directory should contain build.sbt. 
something's wrong: no file:///home/xiaogouguohe/incubator-tvm-vta/hardware/chisel/src/main/scala/util/Config.scala in Option[T]RangePosition(file:///home/xiaogouguohe/incubator-tvm-vta/hardware/chisel/src/main/scala/util/Config.scala, 937, 937, 946)
2020.10.17 20:29:35 WARN  no build tool detected in workspace '/home/xiaogouguohe/vta_pyhcl'. The most common cause for this problem is that the editor was opened in the wrong working directory, for example if you use sbt then the workspace directory should contain build.sbt. 
2020.10.17 21:56:25 WARN  no build target for: /home/xiaogouguohe/incubator-tvm-vta/hardware/chisel/src/main/scala/util/GenericParameterizedBundle.scala
2020.10.17 21:56:43 WARN  no build tool detected in workspace '/home/xiaogouguohe/vta_pyhcl'. The most common cause for this problem is that the editor was opened in the wrong working directory, for example if you use sbt then the workspace directory should contain build.sbt. 
2020.10.17 21:56:45 WARN  no build tool detected in workspace '/home/xiaogouguohe/vta_pyhcl'. The most common cause for this problem is that the editor was opened in the wrong working directory, for example if you use sbt then the workspace directory should contain build.sbt. 
2020.10.17 21:56:45 WARN  no build tool detected in workspace '/home/xiaogouguohe/vta_pyhcl'. The most common cause for this problem is that the editor was opened in the wrong working directory, for example if you use sbt then the workspace directory should contain build.sbt. 
2020.10.17 21:56:45 WARN  no build tool detected in workspace '/home/xiaogouguohe/vta_pyhcl'. The most common cause for this problem is that the editor was opened in the wrong working directory, for example if you use sbt then the workspace directory should contain build.sbt. 
2020.10.17 23:13:51 WARN  resetting database: /home/xiaogouguohe/vta_pyhcl/.metals/metals.h2.db
2020.10.17 23:17:22 INFO  started: Metals version 0.9.4 in workspace '/home/xiaogouguohe/vta_pyhcl' for client vscode.
2020.10.17 23:17:24 INFO  time: initialize in 2.19s
2020.10.17 23:17:28 WARN  no build tool detected in workspace '/home/xiaogouguohe/vta_pyhcl'. The most common cause for this problem is that the editor was opened in the wrong working directory, for example if you use sbt then the workspace directory should contain build.sbt. 
2020.10.17 23:17:31 INFO  no build target: using presentation compiler with only scala-library
2020.10.17 23:17:31 WARN  no build target for: /home/xiaogouguohe/incubator-tvm-vta/hardware/chisel/src/main/scala/util/GenericParameterizedBundle.scala
2020.10.17 23:17:31 WARN  no build target for: /home/xiaogouguohe/incubator-tvm-vta/hardware/chisel/src/main/scala/interface/axi/AXI.scala
10月 17, 2020 11:17:32 下午 org.eclipse.lsp4j.jsonrpc.RemoteEndpoint handleCancellation
警告: Unmatched cancel notification for request id 2
10月 17, 2020 11:17:32 下午 org.eclipse.lsp4j.jsonrpc.RemoteEndpoint handleCancellation
警告: Unmatched cancel notification for request id 3
2020.10.18 00:16:33 WARN  no build target for: /home/xiaogouguohe/incubator-tvm-vta/hardware/chisel/src/main/scala/shell/VCR.scala
2020.10.18 00:17:32 WARN  no build target for: /home/xiaogouguohe/incubator-tvm-vta/hardware/chisel/src/main/scala/core/Core.scala
2020.10.18 00:27:35 WARN  no build target for: /home/xiaogouguohe/incubator-tvm-vta/hardware/chisel/src/main/scala/util/Config.scala
2020.10.18 00:27:42 WARN  no build target for: /home/xiaogouguohe/incubator-tvm-vta/hardware/chisel/src/main/scala/shell/VCR.scala
2020.10.18 08:24:27 INFO  started: Metals version 0.9.4 in workspace '/home/xiaogouguohe/vta_pyhcl' for client vscode.
2020.10.18 08:24:29 INFO  time: initialize in 1.78s
2020.10.18 08:24:32 WARN  no build tool detected in workspace '/home/xiaogouguohe/vta_pyhcl'. The most common cause for this problem is that the editor was opened in the wrong working directory, for example if you use sbt then the workspace directory should contain build.sbt. 
2020.10.18 08:24:36 INFO  no build target: using presentation compiler with only scala-library
2020.10.18 08:24:36 WARN  no build target for: /home/xiaogouguohe/incubator-tvm-vta/hardware/chisel/src/main/scala/util/GenericParameterizedBundle.scala
2020.10.18 08:29:57 WARN  no build tool detected in workspace '/home/xiaogouguohe/vta_pyhcl'. The most common cause for this problem is that the editor was opened in the wrong working directory, for example if you use sbt then the workspace directory should contain build.sbt. 
2020.10.18 08:29:57 WARN  no build tool detected in workspace '/home/xiaogouguohe/vta_pyhcl'. The most common cause for this problem is that the editor was opened in the wrong working directory, for example if you use sbt then the workspace directory should contain build.sbt. 
2020.10.18 08:29:57 WARN  no build tool detected in workspace '/home/xiaogouguohe/vta_pyhcl'. The most common cause for this problem is that the editor was opened in the wrong working directory, for example if you use sbt then the workspace directory should contain build.sbt. 
2020.10.18 08:29:59 WARN  no build tool detected in workspace '/home/xiaogouguohe/vta_pyhcl'. The most common cause for this problem is that the editor was opened in the wrong working directory, for example if you use sbt then the workspace directory should contain build.sbt. 
2020.10.18 08:30:46 WARN  no build tool detected in workspace '/home/xiaogouguohe/vta_pyhcl'. The most common cause for this problem is that the editor was opened in the wrong working directory, for example if you use sbt then the workspace directory should contain build.sbt. 
2020.10.18 08:30:46 WARN  no build tool detected in workspace '/home/xiaogouguohe/vta_pyhcl'. The most common cause for this problem is that the editor was opened in the wrong working directory, for example if you use sbt then the workspace directory should contain build.sbt. 
2020.10.18 09:10:57 WARN  no build tool detected in workspace '/home/xiaogouguohe/vta_pyhcl'. The most common cause for this problem is that the editor was opened in the wrong working directory, for example if you use sbt then the workspace directory should contain build.sbt. 
2020.10.18 09:10:57 WARN  no build tool detected in workspace '/home/xiaogouguohe/vta_pyhcl'. The most common cause for this problem is that the editor was opened in the wrong working directory, for example if you use sbt then the workspace directory should contain build.sbt. 
2020.10.18 09:30:23 WARN  no build tool detected in workspace '/home/xiaogouguohe/vta_pyhcl'. The most common cause for this problem is that the editor was opened in the wrong working directory, for example if you use sbt then the workspace directory should contain build.sbt. 
2020.10.18 09:30:23 WARN  no build tool detected in workspace '/home/xiaogouguohe/vta_pyhcl'. The most common cause for this problem is that the editor was opened in the wrong working directory, for example if you use sbt then the workspace directory should contain build.sbt. 
2020.10.18 11:45:16 WARN  no build tool detected in workspace '/home/xiaogouguohe/vta_pyhcl'. The most common cause for this problem is that the editor was opened in the wrong working directory, for example if you use sbt then the workspace directory should contain build.sbt. 
2020.10.18 11:45:16 WARN  no build tool detected in workspace '/home/xiaogouguohe/vta_pyhcl'. The most common cause for this problem is that the editor was opened in the wrong working directory, for example if you use sbt then the workspace directory should contain build.sbt. 
2020.10.18 11:45:16 WARN  no build tool detected in workspace '/home/xiaogouguohe/vta_pyhcl'. The most common cause for this problem is that the editor was opened in the wrong working directory, for example if you use sbt then the workspace directory should contain build.sbt. 
10月 18, 2020 11:55:18 上午 org.eclipse.lsp4j.jsonrpc.RemoteEndpoint handleCancellation
警告: Unmatched cancel notification for request id 91
2020.10.18 12:17:09 WARN  no build target for: /home/xiaogouguohe/incubator-tvm-vta/hardware/chisel/src/main/scala/interface/axi/AXI.scala
2020.10.18 12:18:11 WARN  no build target for: /home/xiaogouguohe/incubator-tvm-vta/hardware/chisel/src/main/scala/util/Config.scala
2020.10.18 14:20:42 WARN  no build target for: /home/xiaogouguohe/incubator-tvm-vta/hardware/chisel/src/main/scala/core/Decode.scala
2020.10.18 14:57:40 WARN  no build target for: /home/xiaogouguohe/incubator-tvm-vta/hardware/chisel/src/main/scala/interface/axi/AXI.scala
2020.10.18 15:26:36 WARN  no build target for: /home/xiaogouguohe/incubator-tvm-vta/hardware/chisel/src/main/scala/core/Decode.scala
2020.10.18 20:46:33 WARN  no build tool detected in workspace '/home/xiaogouguohe/vta_pyhcl'. The most common cause for this problem is that the editor was opened in the wrong working directory, for example if you use sbt then the workspace directory should contain build.sbt. 
2020.10.18 20:46:35 WARN  no build tool detected in workspace '/home/xiaogouguohe/vta_pyhcl'. The most common cause for this problem is that the editor was opened in the wrong working directory, for example if you use sbt then the workspace directory should contain build.sbt. 
2020.10.18 20:48:03 WARN  no build tool detected in workspace '/home/xiaogouguohe/vta_pyhcl'. The most common cause for this problem is that the editor was opened in the wrong working directory, for example if you use sbt then the workspace directory should contain build.sbt. 
2020.10.18 20:48:16 WARN  no build tool detected in workspace '/home/xiaogouguohe/vta_pyhcl'. The most common cause for this problem is that the editor was opened in the wrong working directory, for example if you use sbt then the workspace directory should contain build.sbt. 
2020.10.18 20:48:24 WARN  no build tool detected in workspace '/home/xiaogouguohe/vta_pyhcl'. The most common cause for this problem is that the editor was opened in the wrong working directory, for example if you use sbt then the workspace directory should contain build.sbt. 
2020.10.18 20:48:29 WARN  no build tool detected in workspace '/home/xiaogouguohe/vta_pyhcl'. The most common cause for this problem is that the editor was opened in the wrong working directory, for example if you use sbt then the workspace directory should contain build.sbt. 
2020.10.18 20:48:29 WARN  no build tool detected in workspace '/home/xiaogouguohe/vta_pyhcl'. The most common cause for this problem is that the editor was opened in the wrong working directory, for example if you use sbt then the workspace directory should contain build.sbt. 
2020.10.18 20:48:29 WARN  no build tool detected in workspace '/home/xiaogouguohe/vta_pyhcl'. The most common cause for this problem is that the editor was opened in the wrong working directory, for example if you use sbt then the workspace directory should contain build.sbt. 
2020.10.18 20:48:29 WARN  no build tool detected in workspace '/home/xiaogouguohe/vta_pyhcl'. The most common cause for this problem is that the editor was opened in the wrong working directory, for example if you use sbt then the workspace directory should contain build.sbt. 
2020.10.18 20:48:30 WARN  no build tool detected in workspace '/home/xiaogouguohe/vta_pyhcl'. The most common cause for this problem is that the editor was opened in the wrong working directory, for example if you use sbt then the workspace directory should contain build.sbt. 
2020.10.18 20:57:18 WARN  no build tool detected in workspace '/home/xiaogouguohe/vta_pyhcl'. The most common cause for this problem is that the editor was opened in the wrong working directory, for example if you use sbt then the workspace directory should contain build.sbt. 
2020.10.18 21:03:36 WARN  no build tool detected in workspace '/home/xiaogouguohe/vta_pyhcl'. The most common cause for this problem is that the editor was opened in the wrong working directory, for example if you use sbt then the workspace directory should contain build.sbt. 
2020.10.18 21:05:51 WARN  no build tool detected in workspace '/home/xiaogouguohe/vta_pyhcl'. The most common cause for this problem is that the editor was opened in the wrong working directory, for example if you use sbt then the workspace directory should contain build.sbt. 
2020.10.18 21:05:51 WARN  no build tool detected in workspace '/home/xiaogouguohe/vta_pyhcl'. The most common cause for this problem is that the editor was opened in the wrong working directory, for example if you use sbt then the workspace directory should contain build.sbt. 
2020.10.18 21:05:51 WARN  no build tool detected in workspace '/home/xiaogouguohe/vta_pyhcl'. The most common cause for this problem is that the editor was opened in the wrong working directory, for example if you use sbt then the workspace directory should contain build.sbt. 
2020.10.18 21:13:03 WARN  no build target for: /home/xiaogouguohe/incubator-tvm-vta/hardware/chisel/src/main/scala/interface/axi/AXI.scala
2020.10.19 00:00:56 WARN  no build tool detected in workspace '/home/xiaogouguohe/vta_pyhcl'. The most common cause for this problem is that the editor was opened in the wrong working directory, for example if you use sbt then the workspace directory should contain build.sbt. 
2020.10.19 00:00:56 WARN  no build tool detected in workspace '/home/xiaogouguohe/vta_pyhcl'. The most common cause for this problem is that the editor was opened in the wrong working directory, for example if you use sbt then the workspace directory should contain build.sbt. 
2020.10.19 10:02:22 INFO  started: Metals version 0.9.4 in workspace '/home/xiaogouguohe/vta_pyhcl' for client vscode.
2020.10.19 10:02:24 INFO  time: initialize in 2.53s
2020.10.19 10:02:25 WARN  no build tool detected in workspace '/home/xiaogouguohe/vta_pyhcl'. The most common cause for this problem is that the editor was opened in the wrong working directory, for example if you use sbt then the workspace directory should contain build.sbt. 
2020.10.19 10:02:30 INFO  no build target: using presentation compiler with only scala-library
2020.10.19 10:02:30 WARN  no build target for: /home/xiaogouguohe/incubator-tvm-vta/hardware/chisel/src/main/scala/interface/axi/AXI.scala
2020.10.19 10:03:39 WARN  no build target for: /home/xiaogouguohe/incubator-tvm-vta/hardware/chisel/src/main/scala/shell/VME.scala
2020.10.19 10:11:12 WARN  no build tool detected in workspace '/home/xiaogouguohe/vta_pyhcl'. The most common cause for this problem is that the editor was opened in the wrong working directory, for example if you use sbt then the workspace directory should contain build.sbt. 
2020.10.19 10:11:17 WARN  no build tool detected in workspace '/home/xiaogouguohe/vta_pyhcl'. The most common cause for this problem is that the editor was opened in the wrong working directory, for example if you use sbt then the workspace directory should contain build.sbt. 
2020.10.19 10:11:17 WARN  no build tool detected in workspace '/home/xiaogouguohe/vta_pyhcl'. The most common cause for this problem is that the editor was opened in the wrong working directory, for example if you use sbt then the workspace directory should contain build.sbt. 
2020.10.19 10:11:17 WARN  no build tool detected in workspace '/home/xiaogouguohe/vta_pyhcl'. The most common cause for this problem is that the editor was opened in the wrong working directory, for example if you use sbt then the workspace directory should contain build.sbt. 
2020.10.19 10:11:20 WARN  no build tool detected in workspace '/home/xiaogouguohe/vta_pyhcl'. The most common cause for this problem is that the editor was opened in the wrong working directory, for example if you use sbt then the workspace directory should contain build.sbt. 
2020.10.19 10:11:20 WARN  no build tool detected in workspace '/home/xiaogouguohe/vta_pyhcl'. The most common cause for this problem is that the editor was opened in the wrong working directory, for example if you use sbt then the workspace directory should contain build.sbt. 
2020.10.19 10:11:20 WARN  no build tool detected in workspace '/home/xiaogouguohe/vta_pyhcl'. The most common cause for this problem is that the editor was opened in the wrong working directory, for example if you use sbt then the workspace directory should contain build.sbt. 
2020.10.19 10:11:33 WARN  no build tool detected in workspace '/home/xiaogouguohe/vta_pyhcl'. The most common cause for this problem is that the editor was opened in the wrong working directory, for example if you use sbt then the workspace directory should contain build.sbt. 
2020.10.19 10:11:33 WARN  no build tool detected in workspace '/home/xiaogouguohe/vta_pyhcl'. The most common cause for this problem is that the editor was opened in the wrong working directory, for example if you use sbt then the workspace directory should contain build.sbt. 
2020.10.19 10:46:14 WARN  no build target for: /home/xiaogouguohe/incubator-tvm-vta/hardware/chisel/src/main/scala/core/Compute.scala
2020.10.19 10:54:44 WARN  no build target for: /home/xiaogouguohe/incubator-tvm-vta/hardware/chisel/src/main/scala/shell/Configs.scala
2020.10.19 10:55:22 WARN  no build target for: /home/xiaogouguohe/incubator-tvm-vta/hardware/chisel/src/main/scala/shell/VCR.scala
2020.10.19 10:56:35 WARN  no build tool detected in workspace '/home/xiaogouguohe/vta_pyhcl'. The most common cause for this problem is that the editor was opened in the wrong working directory, for example if you use sbt then the workspace directory should contain build.sbt. 
2020.10.19 10:56:35 WARN  no build tool detected in workspace '/home/xiaogouguohe/vta_pyhcl'. The most common cause for this problem is that the editor was opened in the wrong working directory, for example if you use sbt then the workspace directory should contain build.sbt. 
2020.10.19 10:56:36 WARN  no build tool detected in workspace '/home/xiaogouguohe/vta_pyhcl'. The most common cause for this problem is that the editor was opened in the wrong working directory, for example if you use sbt then the workspace directory should contain build.sbt. 
2020.10.19 10:56:36 WARN  no build tool detected in workspace '/home/xiaogouguohe/vta_pyhcl'. The most common cause for this problem is that the editor was opened in the wrong working directory, for example if you use sbt then the workspace directory should contain build.sbt. 
2020.10.19 11:01:21 WARN  no build tool detected in workspace '/home/xiaogouguohe/vta_pyhcl'. The most common cause for this problem is that the editor was opened in the wrong working directory, for example if you use sbt then the workspace directory should contain build.sbt. 
2020.10.19 11:01:23 WARN  no build tool detected in workspace '/home/xiaogouguohe/vta_pyhcl'. The most common cause for this problem is that the editor was opened in the wrong working directory, for example if you use sbt then the workspace directory should contain build.sbt. 
2020.10.19 11:01:23 WARN  no build tool detected in workspace '/home/xiaogouguohe/vta_pyhcl'. The most common cause for this problem is that the editor was opened in the wrong working directory, for example if you use sbt then the workspace directory should contain build.sbt. 
2020.10.19 11:02:06 WARN  no build tool detected in workspace '/home/xiaogouguohe/vta_pyhcl'. The most common cause for this problem is that the editor was opened in the wrong working directory, for example if you use sbt then the workspace directory should contain build.sbt. 
2020.10.19 11:02:06 WARN  no build tool detected in workspace '/home/xiaogouguohe/vta_pyhcl'. The most common cause for this problem is that the editor was opened in the wrong working directory, for example if you use sbt then the workspace directory should contain build.sbt. 
2020.10.19 11:02:06 WARN  no build tool detected in workspace '/home/xiaogouguohe/vta_pyhcl'. The most common cause for this problem is that the editor was opened in the wrong working directory, for example if you use sbt then the workspace directory should contain build.sbt. 
2020.10.19 11:02:06 WARN  no build tool detected in workspace '/home/xiaogouguohe/vta_pyhcl'. The most common cause for this problem is that the editor was opened in the wrong working directory, for example if you use sbt then the workspace directory should contain build.sbt. 
2020.10.19 11:02:07 WARN  no build tool detected in workspace '/home/xiaogouguohe/vta_pyhcl'. The most common cause for this problem is that the editor was opened in the wrong working directory, for example if you use sbt then the workspace directory should contain build.sbt. 
2020.10.19 11:02:07 WARN  no build tool detected in workspace '/home/xiaogouguohe/vta_pyhcl'. The most common cause for this problem is that the editor was opened in the wrong working directory, for example if you use sbt then the workspace directory should contain build.sbt. 
2020.10.19 11:02:07 WARN  no build tool detected in workspace '/home/xiaogouguohe/vta_pyhcl'. The most common cause for this problem is that the editor was opened in the wrong working directory, for example if you use sbt then the workspace directory should contain build.sbt. 
2020.10.19 11:02:34 WARN  no build tool detected in workspace '/home/xiaogouguohe/vta_pyhcl'. The most common cause for this problem is that the editor was opened in the wrong working directory, for example if you use sbt then the workspace directory should contain build.sbt. 
2020.10.19 11:02:34 WARN  no build tool detected in workspace '/home/xiaogouguohe/vta_pyhcl'. The most common cause for this problem is that the editor was opened in the wrong working directory, for example if you use sbt then the workspace directory should contain build.sbt. 
2020.10.19 11:02:34 WARN  no build tool detected in workspace '/home/xiaogouguohe/vta_pyhcl'. The most common cause for this problem is that the editor was opened in the wrong working directory, for example if you use sbt then the workspace directory should contain build.sbt. 
2020.10.19 11:02:36 WARN  no build tool detected in workspace '/home/xiaogouguohe/vta_pyhcl'. The most common cause for this problem is that the editor was opened in the wrong working directory, for example if you use sbt then the workspace directory should contain build.sbt. 
2020.10.19 11:02:36 WARN  no build tool detected in workspace '/home/xiaogouguohe/vta_pyhcl'. The most common cause for this problem is that the editor was opened in the wrong working directory, for example if you use sbt then the workspace directory should contain build.sbt. 
2020.10.19 11:02:36 WARN  no build tool detected in workspace '/home/xiaogouguohe/vta_pyhcl'. The most common cause for this problem is that the editor was opened in the wrong working directory, for example if you use sbt then the workspace directory should contain build.sbt. 
2020.10.19 11:02:36 WARN  no build tool detected in workspace '/home/xiaogouguohe/vta_pyhcl'. The most common cause for this problem is that the editor was opened in the wrong working directory, for example if you use sbt then the workspace directory should contain build.sbt. 
2020.10.19 11:02:37 WARN  no build tool detected in workspace '/home/xiaogouguohe/vta_pyhcl'. The most common cause for this problem is that the editor was opened in the wrong working directory, for example if you use sbt then the workspace directory should contain build.sbt. 
2020.10.19 11:02:37 WARN  no build tool detected in workspace '/home/xiaogouguohe/vta_pyhcl'. The most common cause for this problem is that the editor was opened in the wrong working directory, for example if you use sbt then the workspace directory should contain build.sbt. 
2020.10.19 11:03:23 WARN  no build target for: /home/xiaogouguohe/incubator-tvm-vta/hardware/chisel/src/main/scala/shell/VTAShell.scala
2020.10.19 11:06:47 WARN  no build tool detected in workspace '/home/xiaogouguohe/vta_pyhcl'. The most common cause for this problem is that the editor was opened in the wrong working directory, for example if you use sbt then the workspace directory should contain build.sbt. 
2020.10.19 11:08:40 WARN  no build tool detected in workspace '/home/xiaogouguohe/vta_pyhcl'. The most common cause for this problem is that the editor was opened in the wrong working directory, for example if you use sbt then the workspace directory should contain build.sbt. 
2020.10.19 11:08:40 WARN  no build tool detected in workspace '/home/xiaogouguohe/vta_pyhcl'. The most common cause for this problem is that the editor was opened in the wrong working directory, for example if you use sbt then the workspace directory should contain build.sbt. 
2020.10.19 11:08:40 WARN  no build tool detected in workspace '/home/xiaogouguohe/vta_pyhcl'. The most common cause for this problem is that the editor was opened in the wrong working directory, for example if you use sbt then the workspace directory should contain build.sbt. 
2020.10.19 11:08:40 WARN  no build tool detected in workspace '/home/xiaogouguohe/vta_pyhcl'. The most common cause for this problem is that the editor was opened in the wrong working directory, for example if you use sbt then the workspace directory should contain build.sbt. 
2020.10.19 11:08:42 WARN  no build tool detected in workspace '/home/xiaogouguohe/vta_pyhcl'. The most common cause for this problem is that the editor was opened in the wrong working directory, for example if you use sbt then the workspace directory should contain build.sbt. 
2020.10.19 11:08:42 WARN  no build tool detected in workspace '/home/xiaogouguohe/vta_pyhcl'. The most common cause for this problem is that the editor was opened in the wrong working directory, for example if you use sbt then the workspace directory should contain build.sbt. 
2020.10.19 11:08:42 WARN  no build tool detected in workspace '/home/xiaogouguohe/vta_pyhcl'. The most common cause for this problem is that the editor was opened in the wrong working directory, for example if you use sbt then the workspace directory should contain build.sbt. 
2020.10.19 11:08:42 WARN  no build tool detected in workspace '/home/xiaogouguohe/vta_pyhcl'. The most common cause for this problem is that the editor was opened in the wrong working directory, for example if you use sbt then the workspace directory should contain build.sbt. 
2020.10.19 11:08:43 WARN  no build tool detected in workspace '/home/xiaogouguohe/vta_pyhcl'. The most common cause for this problem is that the editor was opened in the wrong working directory, for example if you use sbt then the workspace directory should contain build.sbt. 
2020.10.19 11:08:43 WARN  no build tool detected in workspace '/home/xiaogouguohe/vta_pyhcl'. The most common cause for this problem is that the editor was opened in the wrong working directory, for example if you use sbt then the workspace directory should contain build.sbt. 
2020.10.19 11:09:57 WARN  no build tool detected in workspace '/home/xiaogouguohe/vta_pyhcl'. The most common cause for this problem is that the editor was opened in the wrong working directory, for example if you use sbt then the workspace directory should contain build.sbt. 
2020.10.19 11:09:57 WARN  no build tool detected in workspace '/home/xiaogouguohe/vta_pyhcl'. The most common cause for this problem is that the editor was opened in the wrong working directory, for example if you use sbt then the workspace directory should contain build.sbt. 
2020.10.19 11:11:13 WARN  no build tool detected in workspace '/home/xiaogouguohe/vta_pyhcl'. The most common cause for this problem is that the editor was opened in the wrong working directory, for example if you use sbt then the workspace directory should contain build.sbt. 
2020.10.19 11:11:13 WARN  no build tool detected in workspace '/home/xiaogouguohe/vta_pyhcl'. The most common cause for this problem is that the editor was opened in the wrong working directory, for example if you use sbt then the workspace directory should contain build.sbt. 
2020.10.19 11:11:13 WARN  no build tool detected in workspace '/home/xiaogouguohe/vta_pyhcl'. The most common cause for this problem is that the editor was opened in the wrong working directory, for example if you use sbt then the workspace directory should contain build.sbt. 
2020.10.19 11:11:13 WARN  no build tool detected in workspace '/home/xiaogouguohe/vta_pyhcl'. The most common cause for this problem is that the editor was opened in the wrong working directory, for example if you use sbt then the workspace directory should contain build.sbt. 
2020.10.19 11:11:15 WARN  no build tool detected in workspace '/home/xiaogouguohe/vta_pyhcl'. The most common cause for this problem is that the editor was opened in the wrong working directory, for example if you use sbt then the workspace directory should contain build.sbt. 
2020.10.19 11:11:15 WARN  no build tool detected in workspace '/home/xiaogouguohe/vta_pyhcl'. The most common cause for this problem is that the editor was opened in the wrong working directory, for example if you use sbt then the workspace directory should contain build.sbt. 
2020.10.19 11:11:15 WARN  no build tool detected in workspace '/home/xiaogouguohe/vta_pyhcl'. The most common cause for this problem is that the editor was opened in the wrong working directory, for example if you use sbt then the workspace directory should contain build.sbt. 
2020.10.19 11:11:16 WARN  no build tool detected in workspace '/home/xiaogouguohe/vta_pyhcl'. The most common cause for this problem is that the editor was opened in the wrong working directory, for example if you use sbt then the workspace directory should contain build.sbt. 
2020.10.19 11:16:26 WARN  no build target for: /home/xiaogouguohe/incubator-tvm-vta/hardware/chisel/src/main/scala/util/Config.scala
2020.10.19 11:17:59 WARN  no build tool detected in workspace '/home/xiaogouguohe/vta_pyhcl'. The most common cause for this problem is that the editor was opened in the wrong working directory, for example if you use sbt then the workspace directory should contain build.sbt. 
something's wrong: no file:///home/xiaogouguohe/incubator-tvm-vta/hardware/chisel/src/main/scala/util/Config.scala in Option[T]RangePosition(file:///home/xiaogouguohe/incubator-tvm-vta/hardware/chisel/src/main/scala/util/Config.scala, 937, 937, 946)
2020.10.19 11:17:59 WARN  no build tool detected in workspace '/home/xiaogouguohe/vta_pyhcl'. The most common cause for this problem is that the editor was opened in the wrong working directory, for example if you use sbt then the workspace directory should contain build.sbt. 
2020.10.19 11:18:05 WARN  no build tool detected in workspace '/home/xiaogouguohe/vta_pyhcl'. The most common cause for this problem is that the editor was opened in the wrong working directory, for example if you use sbt then the workspace directory should contain build.sbt. 
2020.10.19 11:18:07 WARN  no build tool detected in workspace '/home/xiaogouguohe/vta_pyhcl'. The most common cause for this problem is that the editor was opened in the wrong working directory, for example if you use sbt then the workspace directory should contain build.sbt. 
2020.10.19 11:18:07 WARN  no build tool detected in workspace '/home/xiaogouguohe/vta_pyhcl'. The most common cause for this problem is that the editor was opened in the wrong working directory, for example if you use sbt then the workspace directory should contain build.sbt. 
2020.10.19 11:18:07 WARN  no build tool detected in workspace '/home/xiaogouguohe/vta_pyhcl'. The most common cause for this problem is that the editor was opened in the wrong working directory, for example if you use sbt then the workspace directory should contain build.sbt. 
2020.10.19 11:18:08 WARN  no build tool detected in workspace '/home/xiaogouguohe/vta_pyhcl'. The most common cause for this problem is that the editor was opened in the wrong working directory, for example if you use sbt then the workspace directory should contain build.sbt. 
2020.10.19 11:55:33 WARN  no build tool detected in workspace '/home/xiaogouguohe/vta_pyhcl'. The most common cause for this problem is that the editor was opened in the wrong working directory, for example if you use sbt then the workspace directory should contain build.sbt. 
2020.10.19 11:55:34 WARN  no build tool detected in workspace '/home/xiaogouguohe/vta_pyhcl'. The most common cause for this problem is that the editor was opened in the wrong working directory, for example if you use sbt then the workspace directory should contain build.sbt. 
2020.10.19 11:55:35 WARN  no build tool detected in workspace '/home/xiaogouguohe/vta_pyhcl'. The most common cause for this problem is that the editor was opened in the wrong working directory, for example if you use sbt then the workspace directory should contain build.sbt. 
2020.10.19 11:55:35 WARN  no build tool detected in workspace '/home/xiaogouguohe/vta_pyhcl'. The most common cause for this problem is that the editor was opened in the wrong working directory, for example if you use sbt then the workspace directory should contain build.sbt. 
2020.10.19 11:55:35 WARN  no build tool detected in workspace '/home/xiaogouguohe/vta_pyhcl'. The most common cause for this problem is that the editor was opened in the wrong working directory, for example if you use sbt then the workspace directory should contain build.sbt. 
2020.10.19 11:55:35 WARN  no build tool detected in workspace '/home/xiaogouguohe/vta_pyhcl'. The most common cause for this problem is that the editor was opened in the wrong working directory, for example if you use sbt then the workspace directory should contain build.sbt. 
2020.10.19 11:56:19 WARN  no build tool detected in workspace '/home/xiaogouguohe/vta_pyhcl'. The most common cause for this problem is that the editor was opened in the wrong working directory, for example if you use sbt then the workspace directory should contain build.sbt. 
2020.10.19 11:56:19 WARN  no build tool detected in workspace '/home/xiaogouguohe/vta_pyhcl'. The most common cause for this problem is that the editor was opened in the wrong working directory, for example if you use sbt then the workspace directory should contain build.sbt. 
2020.10.19 11:56:20 WARN  no build tool detected in workspace '/home/xiaogouguohe/vta_pyhcl'. The most common cause for this problem is that the editor was opened in the wrong working directory, for example if you use sbt then the workspace directory should contain build.sbt. 
2020.10.19 12:08:11 WARN  no build tool detected in workspace '/home/xiaogouguohe/vta_pyhcl'. The most common cause for this problem is that the editor was opened in the wrong working directory, for example if you use sbt then the workspace directory should contain build.sbt. 
2020.10.19 12:08:11 WARN  no build tool detected in workspace '/home/xiaogouguohe/vta_pyhcl'. The most common cause for this problem is that the editor was opened in the wrong working directory, for example if you use sbt then the workspace directory should contain build.sbt. 
2020.10.19 12:08:11 WARN  no build tool detected in workspace '/home/xiaogouguohe/vta_pyhcl'. The most common cause for this problem is that the editor was opened in the wrong working directory, for example if you use sbt then the workspace directory should contain build.sbt. 
2020.10.19 12:26:44 WARN  no build tool detected in workspace '/home/xiaogouguohe/vta_pyhcl'. The most common cause for this problem is that the editor was opened in the wrong working directory, for example if you use sbt then the workspace directory should contain build.sbt. 
2020.10.19 12:26:44 WARN  no build tool detected in workspace '/home/xiaogouguohe/vta_pyhcl'. The most common cause for this problem is that the editor was opened in the wrong working directory, for example if you use sbt then the workspace directory should contain build.sbt. 
something's wrong: no file:///home/xiaogouguohe/incubator-tvm-vta/hardware/chisel/src/main/scala/util/Config.scala in Option[T]RangePosition(file:///home/xiaogouguohe/incubator-tvm-vta/hardware/chisel/src/main/scala/util/Config.scala, 937, 937, 946)
2020.10.19 13:17:12 WARN  no build tool detected in workspace '/home/xiaogouguohe/vta_pyhcl'. The most common cause for this problem is that the editor was opened in the wrong working directory, for example if you use sbt then the workspace directory should contain build.sbt. 
2020.10.19 13:17:50 WARN  no build tool detected in workspace '/home/xiaogouguohe/vta_pyhcl'. The most common cause for this problem is that the editor was opened in the wrong working directory, for example if you use sbt then the workspace directory should contain build.sbt. 
2020.10.19 13:17:50 WARN  no build tool detected in workspace '/home/xiaogouguohe/vta_pyhcl'. The most common cause for this problem is that the editor was opened in the wrong working directory, for example if you use sbt then the workspace directory should contain build.sbt. 
2020.10.19 13:17:50 WARN  no build tool detected in workspace '/home/xiaogouguohe/vta_pyhcl'. The most common cause for this problem is that the editor was opened in the wrong working directory, for example if you use sbt then the workspace directory should contain build.sbt. 
2020.10.19 13:17:51 WARN  no build tool detected in workspace '/home/xiaogouguohe/vta_pyhcl'. The most common cause for this problem is that the editor was opened in the wrong working directory, for example if you use sbt then the workspace directory should contain build.sbt. 
2020.10.19 13:17:51 WARN  no build tool detected in workspace '/home/xiaogouguohe/vta_pyhcl'. The most common cause for this problem is that the editor was opened in the wrong working directory, for example if you use sbt then the workspace directory should contain build.sbt. 
2020.10.19 13:17:51 WARN  no build tool detected in workspace '/home/xiaogouguohe/vta_pyhcl'. The most common cause for this problem is that the editor was opened in the wrong working directory, for example if you use sbt then the workspace directory should contain build.sbt. 
2020.10.19 13:30:33 WARN  no build tool detected in workspace '/home/xiaogouguohe/vta_pyhcl'. The most common cause for this problem is that the editor was opened in the wrong working directory, for example if you use sbt then the workspace directory should contain build.sbt. 
2020.10.19 13:30:34 WARN  no build tool detected in workspace '/home/xiaogouguohe/vta_pyhcl'. The most common cause for this problem is that the editor was opened in the wrong working directory, for example if you use sbt then the workspace directory should contain build.sbt. 
2020.10.19 13:30:34 WARN  no build tool detected in workspace '/home/xiaogouguohe/vta_pyhcl'. The most common cause for this problem is that the editor was opened in the wrong working directory, for example if you use sbt then the workspace directory should contain build.sbt. 
2020.10.19 13:30:36 WARN  no build tool detected in workspace '/home/xiaogouguohe/vta_pyhcl'. The most common cause for this problem is that the editor was opened in the wrong working directory, for example if you use sbt then the workspace directory should contain build.sbt. 
2020.10.19 13:30:36 WARN  no build tool detected in workspace '/home/xiaogouguohe/vta_pyhcl'. The most common cause for this problem is that the editor was opened in the wrong working directory, for example if you use sbt then the workspace directory should contain build.sbt. 
2020.10.19 13:30:36 WARN  no build tool detected in workspace '/home/xiaogouguohe/vta_pyhcl'. The most common cause for this problem is that the editor was opened in the wrong working directory, for example if you use sbt then the workspace directory should contain build.sbt. 
2020.10.19 13:30:38 WARN  no build tool detected in workspace '/home/xiaogouguohe/vta_pyhcl'. The most common cause for this problem is that the editor was opened in the wrong working directory, for example if you use sbt then the workspace directory should contain build.sbt. 
2020.10.19 13:30:38 WARN  no build tool detected in workspace '/home/xiaogouguohe/vta_pyhcl'. The most common cause for this problem is that the editor was opened in the wrong working directory, for example if you use sbt then the workspace directory should contain build.sbt. 
2020.10.19 13:30:39 WARN  no build tool detected in workspace '/home/xiaogouguohe/vta_pyhcl'. The most common cause for this problem is that the editor was opened in the wrong working directory, for example if you use sbt then the workspace directory should contain build.sbt. 
2020.10.19 13:31:00 WARN  no build target for: /home/xiaogouguohe/incubator-tvm-vta/hardware/chisel/src/main/scala/shell/VME.scala
2020.10.19 13:38:36 WARN  no build tool detected in workspace '/home/xiaogouguohe/vta_pyhcl'. The most common cause for this problem is that the editor was opened in the wrong working directory, for example if you use sbt then the workspace directory should contain build.sbt. 
2020.10.19 13:38:36 WARN  no build tool detected in workspace '/home/xiaogouguohe/vta_pyhcl'. The most common cause for this problem is that the editor was opened in the wrong working directory, for example if you use sbt then the workspace directory should contain build.sbt. 
2020.10.19 13:38:36 WARN  no build tool detected in workspace '/home/xiaogouguohe/vta_pyhcl'. The most common cause for this problem is that the editor was opened in the wrong working directory, for example if you use sbt then the workspace directory should contain build.sbt. 
2020.10.19 13:38:36 WARN  no build tool detected in workspace '/home/xiaogouguohe/vta_pyhcl'. The most common cause for this problem is that the editor was opened in the wrong working directory, for example if you use sbt then the workspace directory should contain build.sbt. 
2020.10.19 13:38:36 WARN  no build tool detected in workspace '/home/xiaogouguohe/vta_pyhcl'. The most common cause for this problem is that the editor was opened in the wrong working directory, for example if you use sbt then the workspace directory should contain build.sbt. 
2020.10.19 13:38:36 WARN  no build tool detected in workspace '/home/xiaogouguohe/vta_pyhcl'. The most common cause for this problem is that the editor was opened in the wrong working directory, for example if you use sbt then the workspace directory should contain build.sbt. 
2020.10.19 15:13:50 INFO  shutting down Metals
